2023-01-29 19:08:34 EST INFO: Tabulation logging to: C:\Users\Anthony Chan\Documents\Anthony\RCV\rctab_v1.3.0_windows\rcv\bin\output\2023-01-29_19-08-34_audit_0.log
2023-01-29 19:08:34 EST INFO: Validating contest config...
2023-01-29 19:08:34 EST INFO: Contest config validation successful.
2023-01-29 19:08:34 EST INFO: Computer name: DESKTOP-OCGJ8O4
2023-01-29 19:08:34 EST INFO: User name: Anthony Chan
2023-01-29 19:08:34 EST INFO: Config file: C:\Users\Anthony Chan\Documents\Anthony\RCV\rctab_v1.3.0_windows\rcv\bin\TestRCV.json
2023-01-29 19:08:34 EST FINE: Begin config file contents:
2023-01-29 19:08:34 EST FINE: {
2023-01-29 19:08:34 EST FINE:   "tabulatorVersion" : "1.3.0",
2023-01-29 19:08:34 EST FINE:   "outputSettings" : {
2023-01-29 19:08:34 EST FINE:     "contestName" : "TestRCV",
2023-01-29 19:08:34 EST FINE:     "outputDirectory" : "output",
2023-01-29 19:08:34 EST FINE:     "contestDate" : "",
2023-01-29 19:08:34 EST FINE:     "contestJurisdiction" : "",
2023-01-29 19:08:34 EST FINE:     "contestOffice" : "",
2023-01-29 19:08:34 EST FINE:     "tabulateByPrecinct" : false,
2023-01-29 19:08:34 EST FINE:     "generateCdfJson" : false
2023-01-29 19:08:34 EST FINE:   },
2023-01-29 19:08:34 EST FINE:   "cvrFileSources" : [ {
2023-01-29 19:08:34 EST FINE:     "filePath" : "C:\\Users\\Anthony Chan\\Documents\\Anthony\\RCV\\QualtricsToESS\\qualtrics-to-ess\\output - exhausted ballots.xlsx",
2023-01-29 19:08:34 EST FINE:     "contestId" : "",
2023-01-29 19:08:34 EST FINE:     "firstVoteColumnIndex" : "4",
2023-01-29 19:08:34 EST FINE:     "firstVoteRowIndex" : "2",
2023-01-29 19:08:34 EST FINE:     "idColumnIndex" : "1",
2023-01-29 19:08:34 EST FINE:     "precinctColumnIndex" : "2",
2023-01-29 19:08:34 EST FINE:     "overvoteDelimiter" : "",
2023-01-29 19:08:34 EST FINE:     "provider" : "ess",
2023-01-29 19:08:34 EST FINE:     "overvoteLabel" : "overvote",
2023-01-29 19:08:34 EST FINE:     "undervoteLabel" : "undervote",
2023-01-29 19:08:34 EST FINE:     "undeclaredWriteInLabel" : "",
2023-01-29 19:08:34 EST FINE:     "treatBlankAsUndeclaredWriteIn" : false
2023-01-29 19:08:34 EST FINE:   } ],
2023-01-29 19:08:34 EST FINE:   "candidates" : [ {
2023-01-29 19:08:34 EST FINE:     "name" : "President_1 - Pizza - Meat Party",
2023-01-29 19:08:34 EST FINE:     "code" : "",
2023-01-29 19:08:34 EST FINE:     "excluded" : false
2023-01-29 19:08:34 EST FINE:   }, {
2023-01-29 19:08:34 EST FINE:     "name" : "President_2 - Soup - Vegan Party",
2023-01-29 19:08:34 EST FINE:     "code" : "",
2023-01-29 19:08:34 EST FINE:     "excluded" : false
2023-01-29 19:08:34 EST FINE:   }, {
2023-01-29 19:08:34 EST FINE:     "name" : "President_3 - Popcorn - Candy Party",
2023-01-29 19:08:34 EST FINE:     "code" : "",
2023-01-29 19:08:34 EST FINE:     "excluded" : false
2023-01-29 19:08:34 EST FINE:   }, {
2023-01-29 19:08:34 EST FINE:     "name" : "President_4 - Write-In",
2023-01-29 19:08:34 EST FINE:     "code" : "",
2023-01-29 19:08:34 EST FINE:     "excluded" : false
2023-01-29 19:08:34 EST FINE:   } ],
2023-01-29 19:08:34 EST FINE:   "rules" : {
2023-01-29 19:08:34 EST FINE:     "tiebreakMode" : "stopCountingAndAsk",
2023-01-29 19:08:34 EST FINE:     "overvoteRule" : "exhaustImmediately",
2023-01-29 19:08:34 EST FINE:     "winnerElectionMode" : "singleWinnerMajority",
2023-01-29 19:08:34 EST FINE:     "randomSeed" : "",
2023-01-29 19:08:34 EST FINE:     "numberOfWinners" : "1",
2023-01-29 19:08:34 EST FINE:     "multiSeatBottomsUpPercentageThreshold" : "",
2023-01-29 19:08:34 EST FINE:     "decimalPlacesForVoteArithmetic" : "4",
2023-01-29 19:08:34 EST FINE:     "minimumVoteThreshold" : "",
2023-01-29 19:08:34 EST FINE:     "maxSkippedRanksAllowed" : "1",
2023-01-29 19:08:34 EST FINE:     "maxRankingsAllowed" : "max",
2023-01-29 19:08:34 EST FINE:     "nonIntegerWinningThreshold" : false,
2023-01-29 19:08:34 EST FINE:     "hareQuota" : false,
2023-01-29 19:08:34 EST FINE:     "batchElimination" : false,
2023-01-29 19:08:34 EST FINE:     "continueUntilTwoCandidatesRemain" : false,
2023-01-29 19:08:34 EST FINE:     "exhaustOnDuplicateCandidate" : false,
2023-01-29 19:08:34 EST FINE:     "rulesDescription" : "",
2023-01-29 19:08:34 EST FINE:     "treatBlankAsUndeclaredWriteIn" : false
2023-01-29 19:08:34 EST FINE:   }
2023-01-29 19:08:34 EST FINE: }
2023-01-29 19:08:34 EST FINE: End config file contents.
2023-01-29 19:08:34 EST INFO: Tabulating 'TestRCV'...
2023-01-29 19:08:34 EST INFO: Parsing cast vote records...
2023-01-29 19:08:34 EST INFO: Reading ES&S cast vote record file: C:\Users\Anthony Chan\Documents\Anthony\RCV\QualtricsToESS\qualtrics-to-ess\output - exhausted ballots.xlsx...
2023-01-29 19:08:34 EST INFO: Parsed 23 cast vote records successfully.
2023-01-29 19:08:34 EST INFO: There are 4 declared candidates for this contest:
2023-01-29 19:08:34 EST INFO: President_3 - Popcorn - Candy Party
2023-01-29 19:08:34 EST INFO: President_2 - Soup - Vegan Party
2023-01-29 19:08:34 EST INFO: President_1 - Pizza - Meat Party
2023-01-29 19:08:34 EST INFO: President_4 - Write-In
2023-01-29 19:08:34 EST INFO: Round: 1
2023-01-29 19:08:34 EST FINE: [Round] 1 [CVR] 1 [counted for] President_1 - Pizza - Meat Party [Raw Data] [1, RCV Election, Qualtrics, President_1 - Pizza - Meat Party, empty cell, empty cell, empty cell]
2023-01-29 19:08:34 EST FINE: [Round] 1 [CVR] 8 [counted for] President_1 - Pizza - Meat Party [Raw Data] [8, RCV Election, Qualtrics, President_1 - Pizza - Meat Party, empty cell, empty cell, empty cell]
2023-01-29 19:08:34 EST FINE: [Round] 1 [CVR] 12 [counted for] President_1 - Pizza - Meat Party [Raw Data] [12, RCV Election, Qualtrics, President_1 - Pizza - Meat Party, empty cell, empty cell, empty cell]
2023-01-29 19:08:34 EST FINE: [Round] 1 [CVR] 14 [counted for] President_1 - Pizza - Meat Party [Raw Data] [14, RCV Election, Qualtrics, President_1 - Pizza - Meat Party, empty cell, empty cell, empty cell]
2023-01-29 19:08:34 EST FINE: [Round] 1 [CVR] 15 [counted for] President_1 - Pizza - Meat Party [Raw Data] [15, RCV Election, Qualtrics, President_1 - Pizza - Meat Party, empty cell, empty cell, empty cell]
2023-01-29 19:08:34 EST FINE: [Round] 1 [CVR] 19 [counted for] President_1 - Pizza - Meat Party [Raw Data] [19, RCV Election, Qualtrics, President_1 - Pizza - Meat Party, empty cell, empty cell, empty cell]
2023-01-29 19:08:34 EST FINE: [Round] 1 [CVR] 26 [counted for] President_1 - Pizza - Meat Party [Raw Data] [26, RCV Election, Qualtrics, President_1 - Pizza - Meat Party, empty cell, empty cell, empty cell]
2023-01-29 19:08:34 EST FINE: [Round] 1 [CVR] 29 [counted for] President_1 - Pizza - Meat Party [Raw Data] [29, RCV Election, Qualtrics, President_1 - Pizza - Meat Party, empty cell, empty cell, empty cell]
2023-01-29 19:08:34 EST FINE: [Round] 1 [CVR] 30 [counted for] President_1 - Pizza - Meat Party [Raw Data] [30, RCV Election, Qualtrics, President_1 - Pizza - Meat Party, empty cell, empty cell, empty cell]
2023-01-29 19:08:34 EST FINE: [Round] 1 [CVR] 32 [counted for] President_1 - Pizza - Meat Party [Raw Data] [32, RCV Election, Qualtrics, President_1 - Pizza - Meat Party, empty cell, empty cell, empty cell]
2023-01-29 19:08:34 EST FINE: [Round] 1 [CVR] 2 [counted for] President_3 - Popcorn - Candy Party [Raw Data] [2, RCV Election, Qualtrics, President_3 - Popcorn - Candy Party, empty cell, empty cell, empty cell]
2023-01-29 19:08:34 EST FINE: [Round] 1 [CVR] 5 [counted for] President_3 - Popcorn - Candy Party [Raw Data] [5, RCV Election, Qualtrics, President_3 - Popcorn - Candy Party, empty cell, empty cell, empty cell]
2023-01-29 19:08:34 EST FINE: [Round] 1 [CVR] 7 [counted for] President_3 - Popcorn - Candy Party [Raw Data] [7, RCV Election, Qualtrics, President_3 - Popcorn - Candy Party, empty cell, empty cell, empty cell]
2023-01-29 19:08:34 EST FINE: [Round] 1 [CVR] 9 [counted for] President_3 - Popcorn - Candy Party [Raw Data] [9, RCV Election, Qualtrics, President_3 - Popcorn - Candy Party, empty cell, empty cell, empty cell]
2023-01-29 19:08:34 EST FINE: [Round] 1 [CVR] 11 [counted for] President_3 - Popcorn - Candy Party [Raw Data] [11, RCV Election, Qualtrics, President_3 - Popcorn - Candy Party, empty cell, empty cell, empty cell]
2023-01-29 19:08:34 EST FINE: [Round] 1 [CVR] 13 [counted for] President_3 - Popcorn - Candy Party [Raw Data] [13, RCV Election, Qualtrics, President_3 - Popcorn - Candy Party, empty cell, empty cell, empty cell]
2023-01-29 19:08:34 EST FINE: [Round] 1 [CVR] 17 [counted for] President_3 - Popcorn - Candy Party [Raw Data] [17, RCV Election, Qualtrics, President_3 - Popcorn - Candy Party, empty cell, empty cell, empty cell]
2023-01-29 19:08:34 EST FINE: [Round] 1 [CVR] 22 [counted for] President_3 - Popcorn - Candy Party [Raw Data] [22, RCV Election, Qualtrics, President_3 - Popcorn - Candy Party, empty cell, empty cell, empty cell]
2023-01-29 19:08:34 EST FINE: [Round] 1 [CVR] 31 [counted for] President_4 - Write-In [Raw Data] [31, RCV Election, Qualtrics, President_4 - Write-In, empty cell, empty cell, empty cell]
2023-01-29 19:08:34 EST FINE: [Round] 1 [CVR] 31 [counted for] President_4 - Write-In [Raw Data] [31, RCV Election, Qualtrics, President_4 - Write-In, empty cell, empty cell, empty cell]
2023-01-29 19:08:34 EST FINE: [Round] 1 [CVR] 31 [counted for] President_4 - Write-In [Raw Data] [31, RCV Election, Qualtrics, President_4 - Write-In, empty cell, empty cell, empty cell]
2023-01-29 19:08:34 EST FINE: [Round] 1 [CVR] 31 [counted for] President_4 - Write-In [Raw Data] [31, RCV Election, Qualtrics, President_4 - Write-In, empty cell, empty cell, empty cell]
2023-01-29 19:08:34 EST FINE: [Round] 1 [CVR] 31 [counted for] President_4 - Write-In [Raw Data] [31, RCV Election, Qualtrics, President_4 - Write-In, empty cell, empty cell, empty cell]
2023-01-29 19:08:34 EST INFO: Winning threshold set to 12.
2023-01-29 19:08:34 EST INFO: Candidate "President_3 - Popcorn - Candy Party" got 8 vote(s).
2023-01-29 19:08:34 EST INFO: Candidate "President_2 - Soup - Vegan Party" got 0 vote(s).
2023-01-29 19:08:34 EST INFO: Candidate "President_1 - Pizza - Meat Party" got 10 vote(s).
2023-01-29 19:08:34 EST INFO: Candidate "President_4 - Write-In" got 5 vote(s).
2023-01-29 19:08:34 EST INFO: Candidate "President_2 - Soup - Vegan Party" was eliminated in round 1 with 0 vote(s).
2023-01-29 19:08:34 EST INFO: Round: 2
2023-01-29 19:08:34 EST INFO: Winning threshold set to 12.
2023-01-29 19:08:34 EST INFO: Candidate "President_3 - Popcorn - Candy Party" got 8 vote(s).
2023-01-29 19:08:34 EST INFO: Candidate "President_1 - Pizza - Meat Party" got 10 vote(s).
2023-01-29 19:08:34 EST INFO: Candidate "President_4 - Write-In" got 5 vote(s).
2023-01-29 19:08:34 EST INFO: Candidate "President_4 - Write-In" was eliminated in round 2 with 5 vote(s).
2023-01-29 19:08:34 EST INFO: Round: 3
2023-01-29 19:08:34 EST FINE: [Round] 3 [CVR] 31 [became inactive] undervote
2023-01-29 19:08:34 EST FINE: [Round] 3 [CVR] 31 [became inactive] undervote
2023-01-29 19:08:34 EST FINE: [Round] 3 [CVR] 31 [became inactive] undervote
2023-01-29 19:08:34 EST FINE: [Round] 3 [CVR] 31 [became inactive] undervote
2023-01-29 19:08:34 EST FINE: [Round] 3 [CVR] 31 [became inactive] undervote
2023-01-29 19:08:34 EST INFO: Winning threshold set to 10.
2023-01-29 19:08:34 EST INFO: Candidate "President_3 - Popcorn - Candy Party" got 8 vote(s).
2023-01-29 19:08:34 EST INFO: Candidate "President_1 - Pizza - Meat Party" got 10 vote(s).
2023-01-29 19:08:34 EST INFO: Candidate "President_1 - Pizza - Meat Party" was elected in round 3 with 10 votes.
2023-01-29 19:08:34 EST INFO: Generating summary spreadsheet: C:\Users\Anthony Chan\Documents\Anthony\RCV\rctab_v1.3.0_windows\rcv\bin\output\2023-01-29_19-08-34_summary.csv...
2023-01-29 19:08:34 EST INFO: Summary spreadsheet generated successfully.
2023-01-29 19:08:34 EST INFO: Generating summary JSON file: C:\Users\Anthony Chan\Documents\Anthony\RCV\rctab_v1.3.0_windows\rcv\bin\output\2023-01-29_19-08-34_summary.json...
2023-01-29 19:08:34 EST INFO: JSON file generated successfully.
2023-01-29 19:08:34 EST INFO: Tabulation session completed.
2023-01-29 19:08:34 EST INFO: Results written to: C:\Users\Anthony Chan\Documents\Anthony\RCV\rctab_v1.3.0_windows\rcv\bin\output
