2023-01-29 19:05:30 EST INFO: Tabulation logging to: C:\Users\Anthony Chan\Documents\Anthony\RCV\rctab_v1.3.0_windows\rcv\bin\output\2023-01-29_19-05-30_audit_0.log
2023-01-29 19:05:30 EST INFO: Validating contest config...
2023-01-29 19:05:30 EST INFO: Contest config validation successful.
2023-01-29 19:05:30 EST INFO: Computer name: DESKTOP-OCGJ8O4
2023-01-29 19:05:30 EST INFO: User name: Anthony Chan
2023-01-29 19:05:30 EST INFO: Config file: C:\Users\Anthony Chan\Documents\Anthony\RCV\rctab_v1.3.0_windows\rcv\bin\TestRCV.json
2023-01-29 19:05:30 EST FINE: Begin config file contents:
2023-01-29 19:05:30 EST FINE: {
2023-01-29 19:05:30 EST FINE:   "tabulatorVersion" : "1.3.0",
2023-01-29 19:05:30 EST FINE:   "outputSettings" : {
2023-01-29 19:05:30 EST FINE:     "contestName" : "TestRCV",
2023-01-29 19:05:30 EST FINE:     "outputDirectory" : "output",
2023-01-29 19:05:30 EST FINE:     "contestDate" : "",
2023-01-29 19:05:30 EST FINE:     "contestJurisdiction" : "",
2023-01-29 19:05:30 EST FINE:     "contestOffice" : "",
2023-01-29 19:05:30 EST FINE:     "tabulateByPrecinct" : false,
2023-01-29 19:05:30 EST FINE:     "generateCdfJson" : false
2023-01-29 19:05:30 EST FINE:   },
2023-01-29 19:05:30 EST FINE:   "cvrFileSources" : [ {
2023-01-29 19:05:30 EST FINE:     "filePath" : "C:\\Users\\Anthony Chan\\Documents\\Anthony\\RCV\\QualtricsToESS\\qualtrics-to-ess\\output - exhausted ballots.xlsx",
2023-01-29 19:05:30 EST FINE:     "contestId" : "",
2023-01-29 19:05:30 EST FINE:     "firstVoteColumnIndex" : "4",
2023-01-29 19:05:30 EST FINE:     "firstVoteRowIndex" : "2",
2023-01-29 19:05:30 EST FINE:     "idColumnIndex" : "1",
2023-01-29 19:05:30 EST FINE:     "precinctColumnIndex" : "2",
2023-01-29 19:05:30 EST FINE:     "overvoteDelimiter" : "",
2023-01-29 19:05:30 EST FINE:     "provider" : "ess",
2023-01-29 19:05:30 EST FINE:     "overvoteLabel" : "overvote",
2023-01-29 19:05:30 EST FINE:     "undervoteLabel" : "undervote",
2023-01-29 19:05:30 EST FINE:     "undeclaredWriteInLabel" : "",
2023-01-29 19:05:30 EST FINE:     "treatBlankAsUndeclaredWriteIn" : false
2023-01-29 19:05:30 EST FINE:   } ],
2023-01-29 19:05:30 EST FINE:   "candidates" : [ {
2023-01-29 19:05:30 EST FINE:     "name" : "President_1 - Pizza - Meat Party",
2023-01-29 19:05:30 EST FINE:     "code" : "",
2023-01-29 19:05:30 EST FINE:     "excluded" : false
2023-01-29 19:05:30 EST FINE:   }, {
2023-01-29 19:05:30 EST FINE:     "name" : "President_2 - Soup - Vegan Party",
2023-01-29 19:05:30 EST FINE:     "code" : "",
2023-01-29 19:05:30 EST FINE:     "excluded" : false
2023-01-29 19:05:30 EST FINE:   }, {
2023-01-29 19:05:30 EST FINE:     "name" : "President_3 - Popcorn - Candy Party",
2023-01-29 19:05:30 EST FINE:     "code" : "",
2023-01-29 19:05:30 EST FINE:     "excluded" : false
2023-01-29 19:05:30 EST FINE:   }, {
2023-01-29 19:05:30 EST FINE:     "name" : "President_4 - Write-In",
2023-01-29 19:05:30 EST FINE:     "code" : "",
2023-01-29 19:05:30 EST FINE:     "excluded" : false
2023-01-29 19:05:30 EST FINE:   } ],
2023-01-29 19:05:30 EST FINE:   "rules" : {
2023-01-29 19:05:30 EST FINE:     "tiebreakMode" : "stopCountingAndAsk",
2023-01-29 19:05:30 EST FINE:     "overvoteRule" : "exhaustImmediately",
2023-01-29 19:05:30 EST FINE:     "winnerElectionMode" : "singleWinnerMajority",
2023-01-29 19:05:30 EST FINE:     "randomSeed" : "",
2023-01-29 19:05:30 EST FINE:     "numberOfWinners" : "1",
2023-01-29 19:05:30 EST FINE:     "multiSeatBottomsUpPercentageThreshold" : "",
2023-01-29 19:05:30 EST FINE:     "decimalPlacesForVoteArithmetic" : "4",
2023-01-29 19:05:30 EST FINE:     "minimumVoteThreshold" : "",
2023-01-29 19:05:30 EST FINE:     "maxSkippedRanksAllowed" : "1",
2023-01-29 19:05:30 EST FINE:     "maxRankingsAllowed" : "max",
2023-01-29 19:05:30 EST FINE:     "nonIntegerWinningThreshold" : false,
2023-01-29 19:05:30 EST FINE:     "hareQuota" : false,
2023-01-29 19:05:30 EST FINE:     "batchElimination" : false,
2023-01-29 19:05:30 EST FINE:     "continueUntilTwoCandidatesRemain" : false,
2023-01-29 19:05:30 EST FINE:     "exhaustOnDuplicateCandidate" : false,
2023-01-29 19:05:30 EST FINE:     "rulesDescription" : "",
2023-01-29 19:05:30 EST FINE:     "treatBlankAsUndeclaredWriteIn" : false
2023-01-29 19:05:30 EST FINE:   }
2023-01-29 19:05:30 EST FINE: }
2023-01-29 19:05:30 EST FINE: End config file contents.
2023-01-29 19:05:30 EST INFO: Tabulating 'TestRCV'...
2023-01-29 19:05:30 EST INFO: Parsing cast vote records...
2023-01-29 19:05:30 EST INFO: Reading ES&S cast vote record file: C:\Users\Anthony Chan\Documents\Anthony\RCV\QualtricsToESS\qualtrics-to-ess\output - exhausted ballots.xlsx...
2023-01-29 19:05:30 EST INFO: Parsed 46 cast vote records successfully.
2023-01-29 19:05:30 EST INFO: There are 4 declared candidates for this contest:
2023-01-29 19:05:30 EST INFO: President_3 - Popcorn - Candy Party
2023-01-29 19:05:30 EST INFO: President_2 - Soup - Vegan Party
2023-01-29 19:05:30 EST INFO: President_1 - Pizza - Meat Party
2023-01-29 19:05:30 EST INFO: President_4 - Write-In
2023-01-29 19:05:30 EST INFO: Round: 1
2023-01-29 19:05:30 EST FINE: [Round] 1 [CVR] 1 [counted for] President_1 - Pizza - Meat Party [Raw Data] [1, RCV Election, Qualtrics, President_1 - Pizza - Meat Party, empty cell, empty cell, empty cell]
2023-01-29 19:05:30 EST FINE: [Round] 1 [CVR] 2 [counted for] President_3 - Popcorn - Candy Party [Raw Data] [2, RCV Election, Qualtrics, President_3 - Popcorn - Candy Party, empty cell, empty cell, empty cell]
2023-01-29 19:05:30 EST FINE: [Round] 1 [CVR] 3 [counted for] President_2 - Soup - Vegan Party [Raw Data] [3, RCV Election, Qualtrics, President_2 - Soup - Vegan Party, empty cell, empty cell, empty cell]
2023-01-29 19:05:30 EST FINE: [Round] 1 [CVR] 4 [counted for] President_2 - Soup - Vegan Party [Raw Data] [4, RCV Election, Qualtrics, President_2 - Soup - Vegan Party, empty cell, empty cell, empty cell]
2023-01-29 19:05:30 EST FINE: [Round] 1 [CVR] 5 [counted for] President_3 - Popcorn - Candy Party [Raw Data] [5, RCV Election, Qualtrics, President_3 - Popcorn - Candy Party, empty cell, empty cell, empty cell]
2023-01-29 19:05:30 EST FINE: [Round] 1 [CVR] 6 [counted for] President_2 - Soup - Vegan Party [Raw Data] [6, RCV Election, Qualtrics, President_2 - Soup - Vegan Party, empty cell, empty cell, empty cell]
2023-01-29 19:05:30 EST FINE: [Round] 1 [CVR] 7 [counted for] President_3 - Popcorn - Candy Party [Raw Data] [7, RCV Election, Qualtrics, President_3 - Popcorn - Candy Party, empty cell, empty cell, empty cell]
2023-01-29 19:05:30 EST FINE: [Round] 1 [CVR] 8 [counted for] President_1 - Pizza - Meat Party [Raw Data] [8, RCV Election, Qualtrics, President_1 - Pizza - Meat Party, empty cell, empty cell, empty cell]
2023-01-29 19:05:30 EST FINE: [Round] 1 [CVR] 9 [counted for] President_3 - Popcorn - Candy Party [Raw Data] [9, RCV Election, Qualtrics, President_3 - Popcorn - Candy Party, empty cell, empty cell, empty cell]
2023-01-29 19:05:30 EST FINE: [Round] 1 [CVR] 10 [counted for] President_2 - Soup - Vegan Party [Raw Data] [10, RCV Election, Qualtrics, President_2 - Soup - Vegan Party, empty cell, empty cell, empty cell]
2023-01-29 19:05:30 EST FINE: [Round] 1 [CVR] 11 [counted for] President_3 - Popcorn - Candy Party [Raw Data] [11, RCV Election, Qualtrics, President_3 - Popcorn - Candy Party, empty cell, empty cell, empty cell]
2023-01-29 19:05:30 EST FINE: [Round] 1 [CVR] 12 [counted for] President_1 - Pizza - Meat Party [Raw Data] [12, RCV Election, Qualtrics, President_1 - Pizza - Meat Party, empty cell, empty cell, empty cell]
2023-01-29 19:05:30 EST FINE: [Round] 1 [CVR] 13 [counted for] President_3 - Popcorn - Candy Party [Raw Data] [13, RCV Election, Qualtrics, President_3 - Popcorn - Candy Party, empty cell, empty cell, empty cell]
2023-01-29 19:05:30 EST FINE: [Round] 1 [CVR] 14 [counted for] President_1 - Pizza - Meat Party [Raw Data] [14, RCV Election, Qualtrics, President_1 - Pizza - Meat Party, empty cell, empty cell, empty cell]
2023-01-29 19:05:30 EST FINE: [Round] 1 [CVR] 15 [counted for] President_1 - Pizza - Meat Party [Raw Data] [15, RCV Election, Qualtrics, President_1 - Pizza - Meat Party, empty cell, empty cell, empty cell]
2023-01-29 19:05:30 EST FINE: [Round] 1 [CVR] 16 [counted for] President_2 - Soup - Vegan Party [Raw Data] [16, RCV Election, Qualtrics, President_2 - Soup - Vegan Party, empty cell, empty cell, empty cell]
2023-01-29 19:05:30 EST FINE: [Round] 1 [CVR] 17 [counted for] President_3 - Popcorn - Candy Party [Raw Data] [17, RCV Election, Qualtrics, President_3 - Popcorn - Candy Party, empty cell, empty cell, empty cell]
2023-01-29 19:05:30 EST FINE: [Round] 1 [CVR] 18 [counted for] President_2 - Soup - Vegan Party [Raw Data] [18, RCV Election, Qualtrics, President_2 - Soup - Vegan Party, empty cell, empty cell, empty cell]
2023-01-29 19:05:30 EST FINE: [Round] 1 [CVR] 19 [counted for] President_1 - Pizza - Meat Party [Raw Data] [19, RCV Election, Qualtrics, President_1 - Pizza - Meat Party, empty cell, empty cell, empty cell]
2023-01-29 19:05:30 EST FINE: [Round] 1 [CVR] 20 [counted for] President_2 - Soup - Vegan Party [Raw Data] [20, RCV Election, Qualtrics, President_2 - Soup - Vegan Party, empty cell, empty cell, empty cell]
2023-01-29 19:05:30 EST FINE: [Round] 1 [CVR] 21 [counted for] President_2 - Soup - Vegan Party [Raw Data] [21, RCV Election, Qualtrics, President_2 - Soup - Vegan Party, empty cell, empty cell, empty cell]
2023-01-29 19:05:30 EST FINE: [Round] 1 [CVR] 22 [counted for] President_3 - Popcorn - Candy Party [Raw Data] [22, RCV Election, Qualtrics, President_3 - Popcorn - Candy Party, empty cell, empty cell, empty cell]
2023-01-29 19:05:30 EST FINE: [Round] 1 [CVR] 23 [counted for] President_3 - Popcorn - Candy Party [Raw Data] [23, RCV Election, Qualtrics, President_3 - Popcorn - Candy Party, empty cell, empty cell, empty cell]
2023-01-29 19:05:30 EST FINE: [Round] 1 [CVR] 24 [counted for] President_3 - Popcorn - Candy Party [Raw Data] [24, RCV Election, Qualtrics, President_3 - Popcorn - Candy Party, empty cell, empty cell, empty cell]
2023-01-29 19:05:30 EST FINE: [Round] 1 [CVR] 25 [counted for] President_2 - Soup - Vegan Party [Raw Data] [25, RCV Election, Qualtrics, President_2 - Soup - Vegan Party, empty cell, empty cell, empty cell]
2023-01-29 19:05:30 EST FINE: [Round] 1 [CVR] 26 [counted for] President_1 - Pizza - Meat Party [Raw Data] [26, RCV Election, Qualtrics, President_1 - Pizza - Meat Party, empty cell, empty cell, empty cell]
2023-01-29 19:05:30 EST FINE: [Round] 1 [CVR] 27 [counted for] President_2 - Soup - Vegan Party [Raw Data] [27, RCV Election, Qualtrics, President_2 - Soup - Vegan Party, empty cell, empty cell, empty cell]
2023-01-29 19:05:30 EST FINE: [Round] 1 [CVR] 28 [counted for] President_3 - Popcorn - Candy Party [Raw Data] [28, RCV Election, Qualtrics, President_3 - Popcorn - Candy Party, empty cell, empty cell, empty cell]
2023-01-29 19:05:30 EST FINE: [Round] 1 [CVR] 29 [counted for] President_1 - Pizza - Meat Party [Raw Data] [29, RCV Election, Qualtrics, President_1 - Pizza - Meat Party, empty cell, empty cell, empty cell]
2023-01-29 19:05:30 EST FINE: [Round] 1 [CVR] 30 [counted for] President_1 - Pizza - Meat Party [Raw Data] [30, RCV Election, Qualtrics, President_1 - Pizza - Meat Party, empty cell, empty cell, empty cell]
2023-01-29 19:05:30 EST FINE: [Round] 1 [CVR] 31 [counted for] President_4 - Write-In [Raw Data] [31, RCV Election, Qualtrics, President_4 - Write-In, empty cell, empty cell, empty cell]
2023-01-29 19:05:30 EST FINE: [Round] 1 [CVR] 32 [counted for] President_1 - Pizza - Meat Party [Raw Data] [32, RCV Election, Qualtrics, President_1 - Pizza - Meat Party, empty cell, empty cell, empty cell]
2023-01-29 19:05:30 EST FINE: [Round] 1 [CVR] 33 [counted for] President_1 - Pizza - Meat Party [Raw Data] [33, RCV Election, Qualtrics, President_1 - Pizza - Meat Party, empty cell, empty cell, empty cell]
2023-01-29 19:05:30 EST FINE: [Round] 1 [CVR] 34 [counted for] President_2 - Soup - Vegan Party [Raw Data] [34, RCV Election, Qualtrics, President_2 - Soup - Vegan Party, empty cell, empty cell, empty cell]
2023-01-29 19:05:30 EST FINE: [Round] 1 [CVR] 35 [counted for] President_1 - Pizza - Meat Party [Raw Data] [35, RCV Election, Qualtrics, President_1 - Pizza - Meat Party, empty cell, empty cell, empty cell]
2023-01-29 19:05:30 EST FINE: [Round] 1 [CVR] 36 [counted for] President_1 - Pizza - Meat Party [Raw Data] [36, RCV Election, Qualtrics, President_1 - Pizza - Meat Party, empty cell, empty cell, empty cell]
2023-01-29 19:05:30 EST FINE: [Round] 1 [CVR] 37 [counted for] President_1 - Pizza - Meat Party [Raw Data] [37, RCV Election, Qualtrics, President_1 - Pizza - Meat Party, empty cell, empty cell, empty cell]
2023-01-29 19:05:30 EST FINE: [Round] 1 [CVR] 38 [counted for] President_3 - Popcorn - Candy Party [Raw Data] [38, RCV Election, Qualtrics, President_3 - Popcorn - Candy Party, empty cell, empty cell, empty cell]
2023-01-29 19:05:30 EST FINE: [Round] 1 [CVR] 39 [counted for] President_3 - Popcorn - Candy Party [Raw Data] [39, RCV Election, Qualtrics, President_3 - Popcorn - Candy Party, empty cell, empty cell, empty cell]
2023-01-29 19:05:30 EST FINE: [Round] 1 [CVR] 40 [counted for] President_2 - Soup - Vegan Party [Raw Data] [40, RCV Election, Qualtrics, President_2 - Soup - Vegan Party, empty cell, empty cell, empty cell]
2023-01-29 19:05:30 EST FINE: [Round] 1 [CVR] 41 [counted for] President_2 - Soup - Vegan Party [Raw Data] [41, RCV Election, Qualtrics, President_2 - Soup - Vegan Party, empty cell, empty cell, empty cell]
2023-01-29 19:05:30 EST FINE: [Round] 1 [CVR] 42 [counted for] President_2 - Soup - Vegan Party [Raw Data] [42, RCV Election, Qualtrics, President_2 - Soup - Vegan Party, empty cell, empty cell, empty cell]
2023-01-29 19:05:30 EST FINE: [Round] 1 [CVR] 43 [counted for] President_3 - Popcorn - Candy Party [Raw Data] [43, RCV Election, Qualtrics, President_3 - Popcorn - Candy Party, empty cell, empty cell, empty cell]
2023-01-29 19:05:30 EST FINE: [Round] 1 [CVR] 44 [counted for] President_1 - Pizza - Meat Party [Raw Data] [44, RCV Election, Qualtrics, President_1 - Pizza - Meat Party, empty cell, empty cell, empty cell]
2023-01-29 19:05:30 EST FINE: [Round] 1 [CVR] 45 [counted for] President_1 - Pizza - Meat Party [Raw Data] [45, RCV Election, Qualtrics, President_1 - Pizza - Meat Party, empty cell, empty cell, empty cell]
2023-01-29 19:05:30 EST FINE: [Round] 1 [CVR] 46 [counted for] President_1 - Pizza - Meat Party [Raw Data] [46, RCV Election, Qualtrics, President_1 - Pizza - Meat Party, empty cell, empty cell, empty cell]
2023-01-29 19:05:30 EST INFO: Winning threshold set to 24.
2023-01-29 19:05:30 EST INFO: Candidate "President_3 - Popcorn - Candy Party" got 14 vote(s).
2023-01-29 19:05:30 EST INFO: Candidate "President_2 - Soup - Vegan Party" got 14 vote(s).
2023-01-29 19:05:30 EST INFO: Candidate "President_1 - Pizza - Meat Party" got 17 vote(s).
2023-01-29 19:05:30 EST INFO: Candidate "President_4 - Write-In" got 1 vote(s).
2023-01-29 19:05:30 EST INFO: Candidate "President_4 - Write-In" was eliminated in round 1 with 1 vote(s).
2023-01-29 19:05:30 EST INFO: Round: 2
2023-01-29 19:05:30 EST FINE: [Round] 2 [CVR] 31 [became inactive] undervote
2023-01-29 19:05:30 EST INFO: Winning threshold set to 23.
2023-01-29 19:05:30 EST INFO: Candidate "President_3 - Popcorn - Candy Party" got 14 vote(s).
2023-01-29 19:05:30 EST INFO: Candidate "President_2 - Soup - Vegan Party" got 14 vote(s).
2023-01-29 19:05:30 EST INFO: Candidate "President_1 - Pizza - Meat Party" got 17 vote(s).
2023-01-29 19:05:30 EST INFO: Tie in round 2 for the following candidates, each of whom has 14 votes: President_2 - Soup - Vegan Party, President_3 - Popcorn - Candy Party
2023-01-29 19:05:30 EST INFO: Please use the pop-up window to select the candidate who should lose this tiebreaker.
2023-01-29 19:05:30 EST FINE: ReadOnlyBooleanProperty [bean: TextArea[id=textAreaHelp, styleClass=text-input text-area help-text-area], name: focused, value: false] focused=false
2023-01-29 19:05:30 EST FINE: ReadOnlyBooleanProperty [bean: ListViewSkin$2@675b4b78[styleClass=cell indexed-cell list-cell]'President_2 - Soup - Vegan Party', name: focused, value: true] focused=true
2023-01-29 19:05:30 EST FINE: ReadOnlyBooleanProperty [bean: ListViewSkin$2@675b4b78[styleClass=cell indexed-cell list-cell]'President_3 - Popcorn - Candy Party', name: focused, value: false] focused=false
2023-01-29 19:05:30 EST FINE: ReadOnlyBooleanProperty [bean: ListViewSkin$2@212a3aca[styleClass=cell indexed-cell list-cell]'President_2 - Soup - Vegan Party', name: focused, value: true] focused=true
2023-01-29 19:05:30 EST FINE: ReadOnlyBooleanProperty [bean: Button@3e592217[styleClass=button]'Cancel', name: focused, value: true] focused=true
2023-01-29 19:05:30 EST FINE: Changed focus from null to Button@3e592217[styleClass=button]'Cancel'
2023-01-29 19:06:08 EST FINE: ReadOnlyBooleanProperty [bean: Button@3e592217[styleClass=button]'Cancel', name: focused, value: false] focused=false
2023-01-29 19:06:08 EST FINE: ReadOnlyBooleanProperty [bean: TextArea[id=textAreaHelp, styleClass=text-input text-area help-text-area], name: focused, value: true] focused=true
2023-01-29 19:06:08 EST SEVERE: Tabulation was cancelled by the user!
2023-01-29 19:06:08 EST INFO: Tabulation session completed.
